  [1m[35m (478.1ms)[0m  [1m[35mCREATE DATABASE "products_reviews_app_api_development" ENCODING = 'unicode'[0m
  [1m[35m (171.2ms)[0m  [1m[35mCREATE DATABASE "products_reviews_app_api_test" ENCODING = 'unicode'[0m
  [1m[35m (55.1ms)[0m  [1m[35mCREATE TABLE "schema_migrations" ("version" character varying NOT NULL PRIMARY KEY)[0m
  [1m[35m (52.1ms)[0m  [1m[35mCREATE TABLE "ar_internal_metadata" ("key" character varying NOT NULL PRIMARY KEY, "value" character varying, "created_at" timestamp(6) NOT NULL, "updated_at" timestamp(6) NOT NULL)[0m
  [1m[35m (0.2ms)[0m  [1m[34mSELECT pg_try_advisory_lock(2521839031379147655)[0m
  [1m[35m (0.6ms)[0m  [1m[34mSELECT "schema_migrations"."version" FROM "schema_migrations" ORDER BY "schema_migrations"."version" ASC[0m
Migrating to CreateProducts (20210224225904)
  [1m[36mTRANSACTION (0.2ms)[0m  [1m[35mBEGIN[0m
  [1m[35m (52.4ms)[0m  [1m[35mCREATE TABLE "products" ("id" bigserial primary key, "name" character varying, "price" integer, "img" character varying, "created_at" timestamp(6) NOT NULL, "updated_at" timestamp(6) NOT NULL)[0m
  [1m[36mActiveRecord::SchemaMigration Create (1.0ms)[0m  [1m[32mINSERT INTO "schema_migrations" ("version") VALUES ($1) RETURNING "version"[0m  [["version", "20210224225904"]]
  [1m[36mTRANSACTION (2.7ms)[0m  [1m[35mCOMMIT[0m
  [1m[36mActiveRecord::InternalMetadata Load (0.5ms)[0m  [1m[34mSELECT "ar_internal_metadata".* FROM "ar_internal_metadata" WHERE "ar_internal_metadata"."key" = $1 LIMIT $2[0m  [["key", "environment"], ["LIMIT", 1]]
  [1m[36mTRANSACTION (0.2ms)[0m  [1m[35mBEGIN[0m
  [1m[36mActiveRecord::InternalMetadata Create (0.7ms)[0m  [1m[32mINSERT INTO "ar_internal_metadata" ("key", "value", "created_at", "updated_at") VALUES ($1, $2, $3, $4) RETURNING "key"[0m  [["key", "environment"], ["value", "development"], ["created_at", "2021-02-24 22:59:38.651340"], ["updated_at", "2021-02-24 22:59:38.651340"]]
  [1m[36mTRANSACTION (38.7ms)[0m  [1m[35mCOMMIT[0m
  [1m[35m (0.4ms)[0m  [1m[34mSELECT pg_advisory_unlock(2521839031379147655)[0m
  [1m[35m (1.6ms)[0m  [1m[34mSELECT "schema_migrations"."version" FROM "schema_migrations" ORDER BY "schema_migrations"."version" ASC[0m
  [1m[35m (0.9ms)[0m  [1m[34mSELECT "schema_migrations"."version" FROM "schema_migrations" ORDER BY "schema_migrations"."version" ASC[0m
  [1m[36mTRANSACTION (0.2ms)[0m  [1m[35mBEGIN[0m
  [1m[36mProduct Create (1.3ms)[0m  [1m[32mINSERT INTO "products" ("name", "price", "img", "created_at", "updated_at") VALUES ($1, $2, $3, $4, $5) RETURNING "id"[0m  [["name", "Car"], ["price", 20000], ["img", "http://www.gowithgo.net/wp-content/uploads/2011/07/Flintstone_Mobile-150x150.jpg"], ["created_at", "2021-02-24 23:00:19.553696"], ["updated_at", "2021-02-24 23:00:19.553696"]]
  [1m[36mTRANSACTION (3.7ms)[0m  [1m[35mCOMMIT[0m
  [1m[36mTRANSACTION (0.2ms)[0m  [1m[35mBEGIN[0m
  [1m[36mProduct Create (0.5ms)[0m  [1m[32mINSERT INTO "products" ("name", "price", "img", "created_at", "updated_at") VALUES ($1, $2, $3, $4, $5) RETURNING "id"[0m  [["name", "Cat"], ["price", 100], ["img", "http://animagehub.com/wp-content/uploads/2016/10/Pink-panther-vector-5-150x150.jpg"], ["created_at", "2021-02-24 23:00:19.562909"], ["updated_at", "2021-02-24 23:00:19.562909"]]
  [1m[36mTRANSACTION (2.3ms)[0m  [1m[35mCOMMIT[0m
  [1m[36mTRANSACTION (0.2ms)[0m  [1m[35mBEGIN[0m
  [1m[36mProduct Create (0.4ms)[0m  [1m[32mINSERT INTO "products" ("name", "price", "img", "created_at", "updated_at") VALUES ($1, $2, $3, $4, $5) RETURNING "id"[0m  [["name", "Crab"], ["price", 2], ["img", "http://scontent.cdninstagram.com/t51.2885-19/s150x150/13402342_1111471978911960_1380878568_a.jpg"], ["created_at", "2021-02-24 23:00:19.569689"], ["updated_at", "2021-02-24 23:00:19.569689"]]
  [1m[36mTRANSACTION (2.1ms)[0m  [1m[35mCOMMIT[0m
  [1m[36mTRANSACTION (0.2ms)[0m  [1m[35mBEGIN[0m
  [1m[36mProduct Create (0.3ms)[0m  [1m[32mINSERT INTO "products" ("name", "price", "img", "created_at", "updated_at") VALUES ($1, $2, $3, $4, $5) RETURNING "id"[0m  [["name", "Crib"], ["price", 200], ["img", "https://s-media-cache-ak0.pinimg.com/originals/99/29/ee/9929eef9086e07bd7e50102bc37ff3a8.jpg"], ["created_at", "2021-02-24 23:00:19.575655"], ["updated_at", "2021-02-24 23:00:19.575655"]]
  [1m[36mTRANSACTION (2.1ms)[0m  [1m[35mCOMMIT[0m
  [1m[36mTRANSACTION (0.2ms)[0m  [1m[35mBEGIN[0m
  [1m[36mProduct Create (0.4ms)[0m  [1m[32mINSERT INTO "products" ("name", "price", "img", "created_at", "updated_at") VALUES ($1, $2, $3, $4, $5) RETURNING "id"[0m  [["name", "Coat"], ["price", 200], ["img", "http://cooljunkyouneed.com/4548/uploads/2014/02/Workaholics-Bear-Coat-150x150.jpg"], ["created_at", "2021-02-24 23:00:19.581530"], ["updated_at", "2021-02-24 23:00:19.581530"]]
  [1m[36mTRANSACTION (2.2ms)[0m  [1m[35mCOMMIT[0m
  [1m[36mTRANSACTION (0.2ms)[0m  [1m[35mBEGIN[0m
  [1m[36mProduct Create (0.7ms)[0m  [1m[32mINSERT INTO "products" ("name", "price", "img", "created_at", "updated_at") VALUES ($1, $2, $3, $4, $5) RETURNING "id"[0m  [["name", "Cake"], ["price", 3], ["img", "http://scontent.cdninstagram.com/t51.2885-19/s150x150/11356601_447610668772561_439752401_a.jpg"], ["created_at", "2021-02-24 23:00:19.588109"], ["updated_at", "2021-02-24 23:00:19.588109"]]
  [1m[36mTRANSACTION (2.4ms)[0m  [1m[35mCOMMIT[0m
  [1m[36mTRANSACTION (0.2ms)[0m  [1m[35mBEGIN[0m
  [1m[36mProduct Create (0.5ms)[0m  [1m[32mINSERT INTO "products" ("name", "price", "img", "created_at", "updated_at") VALUES ($1, $2, $3, $4, $5) RETURNING "id"[0m  [["name", "Concussion"], ["price", 0], ["img", "http://youngmenshealthsite.org/wp-content/uploads/2015/05/concussion1-150x150.jpg"], ["created_at", "2021-02-24 23:00:19.597544"], ["updated_at", "2021-02-24 23:00:19.597544"]]
  [1m[36mTRANSACTION (2.2ms)[0m  [1m[35mCOMMIT[0m
  [1m[36mTRANSACTION (0.2ms)[0m  [1m[35mBEGIN[0m
  [1m[36mProduct Create (0.5ms)[0m  [1m[32mINSERT INTO "products" ("name", "price", "img", "created_at", "updated_at") VALUES ($1, $2, $3, $4, $5) RETURNING "id"[0m  [["name", "Coal"], ["price", 1], ["img", "http://www.whitecatpublications.com/wp-content/uploads/2010/12/lump-of-coal-150x150.jpg"], ["created_at", "2021-02-24 23:00:19.604701"], ["updated_at", "2021-02-24 23:00:19.604701"]]
  [1m[36mTRANSACTION (2.2ms)[0m  [1m[35mCOMMIT[0m
  [1m[36mTRANSACTION (0.2ms)[0m  [1m[35mBEGIN[0m
  [1m[36mProduct Create (0.3ms)[0m  [1m[32mINSERT INTO "products" ("name", "price", "img", "created_at", "updated_at") VALUES ($1, $2, $3, $4, $5) RETURNING "id"[0m  [["name", "Cyclone"], ["price", 70000], ["img", "https://upload.wikimedia.org/wikipedia/commons/thumb/4/47/Cyclone_Mala.JPG/150px-Cyclone_Mala.JPG"], ["created_at", "2021-02-24 23:00:19.611351"], ["updated_at", "2021-02-24 23:00:19.611351"]]
  [1m[36mTRANSACTION (2.2ms)[0m  [1m[35mCOMMIT[0m
  [1m[36mTRANSACTION (0.2ms)[0m  [1m[35mBEGIN[0m
  [1m[36mProduct Create (0.7ms)[0m  [1m[32mINSERT INTO "products" ("name", "price", "img", "created_at", "updated_at") VALUES ($1, $2, $3, $4, $5) RETURNING "id"[0m  [["name", "Career"], ["price", 13500], ["img", "http://waterfordwhispersnews.com/wp-content/uploads/2014/10/happy-worker-e1412334561186-150x150.jpg"], ["created_at", "2021-02-24 23:00:19.617888"], ["updated_at", "2021-02-24 23:00:19.617888"]]
  [1m[36mTRANSACTION (2.3ms)[0m  [1m[35mCOMMIT[0m
  [1m[36mTRANSACTION (0.2ms)[0m  [1m[35mBEGIN[0m
  [1m[36mProduct Create (0.6ms)[0m  [1m[32mINSERT INTO "products" ("name", "price", "img", "created_at", "updated_at") VALUES ($1, $2, $3, $4, $5) RETURNING "id"[0m  [["name", "Cillian Murphy"], ["price", 400], ["img", "http://static.buzznet.com/uploads/2012/03/msg-133176055505-150x150.jpg"], ["created_at", "2021-02-24 23:00:19.626853"], ["updated_at", "2021-02-24 23:00:19.626853"]]
  [1m[36mTRANSACTION (2.3ms)[0m  [1m[35mCOMMIT[0m
  [1m[36mTRANSACTION (0.2ms)[0m  [1m[35mBEGIN[0m
  [1m[36mProduct Create (0.5ms)[0m  [1m[32mINSERT INTO "products" ("name", "price", "img", "created_at", "updated_at") VALUES ($1, $2, $3, $4, $5) RETURNING "id"[0m  [["name", "Climate Change"], ["price", 9], ["img", "http://scitechdaily.com/images/Detailed-Global-Climate-Change-Projections-150x150.jpg"], ["created_at", "2021-02-24 23:00:19.634997"], ["updated_at", "2021-02-24 23:00:19.634997"]]
  [1m[36mTRANSACTION (4.9ms)[0m  [1m[35mCOMMIT[0m
  [1m[36mProduct Load (1.1ms)[0m  [1m[34mSELECT "products".* FROM "products"[0m
Started GET "/products" for ::1 at 2021-02-24 15:16:40 -0800
  [1m[35m (1.4ms)[0m  [1m[34mSELECT "schema_migrations"."version" FROM "schema_migrations" ORDER BY "schema_migrations"."version" ASC[0m
  [1m[35mCACHE  (0.0ms)[0m  [1m[34mSELECT "schema_migrations"."version" FROM "schema_migrations" ORDER BY "schema_migrations"."version" ASC[0m
  
ActiveRecord::PendingMigrationError (

Migrations are pending. To resolve this issue, run:

        bin/rails db:migrate RAILS_ENV=development

You have 1 pending migration:

20210224231232_create_reviews.rb


):
  
activerecord (6.1.3) lib/active_record/migration.rb:625:in `check_pending!'
activerecord (6.1.3) lib/active_record/migration.rb:590:in `block (2 levels) in call'
activesupport (6.1.3) lib/active_support/evented_file_update_checker.rb:59:in `execute'
activerecord (6.1.3) lib/active_record/migration.rb:595:in `block in call'
activerecord (6.1.3) lib/active_record/migration.rb:587:in `synchronize'
activerecord (6.1.3) lib/active_record/migration.rb:587:in `call'
actionpack (6.1.3) lib/action_dispatch/middleware/callbacks.rb:27:in `block in call'
activesupport (6.1.3) lib/active_support/callbacks.rb:98:in `run_callbacks'
actionpack (6.1.3) lib/action_dispatch/middleware/callbacks.rb:26:in `call'
actionpack (6.1.3) lib/action_dispatch/middleware/executor.rb:14:in `call'
actionpack (6.1.3) lib/action_dispatch/middleware/actionable_exceptions.rb:18:in `call'
actionpack (6.1.3) lib/action_dispatch/middleware/debug_exceptions.rb:29:in `call'
actionpack (6.1.3) lib/action_dispatch/middleware/show_exceptions.rb:33:in `call'
railties (6.1.3) lib/rails/rack/logger.rb:37:in `call_app'
railties (6.1.3) lib/rails/rack/logger.rb:26:in `block in call'
activesupport (6.1.3) lib/active_support/tagged_logging.rb:99:in `block in tagged'
activesupport (6.1.3) lib/active_support/tagged_logging.rb:37:in `tagged'
activesupport (6.1.3) lib/active_support/tagged_logging.rb:99:in `tagged'
railties (6.1.3) lib/rails/rack/logger.rb:26:in `call'
actionpack (6.1.3) lib/action_dispatch/middleware/remote_ip.rb:81:in `call'
actionpack (6.1.3) lib/action_dispatch/middleware/request_id.rb:26:in `call'
rack (2.2.3) lib/rack/runtime.rb:22:in `call'
activesupport (6.1.3) lib/active_support/cache/strategy/local_cache_middleware.rb:29:in `call'
actionpack (6.1.3) lib/action_dispatch/middleware/executor.rb:14:in `call'
actionpack (6.1.3) lib/action_dispatch/middleware/static.rb:24:in `call'
rack (2.2.3) lib/rack/sendfile.rb:110:in `call'
actionpack (6.1.3) lib/action_dispatch/middleware/host_authorization.rb:98:in `call'
railties (6.1.3) lib/rails/engine.rb:539:in `call'
puma (5.2.1) lib/puma/configuration.rb:247:in `call'
puma (5.2.1) lib/puma/request.rb:76:in `block in handle_request'
puma (5.2.1) lib/puma/thread_pool.rb:337:in `with_force_shutdown'
puma (5.2.1) lib/puma/request.rb:75:in `handle_request'
puma (5.2.1) lib/puma/server.rb:431:in `process_client'
puma (5.2.1) lib/puma/thread_pool.rb:145:in `block in spawn_thread'
  [1m[35m (0.2ms)[0m  [1m[34mSELECT pg_try_advisory_lock(2521839031379147655)[0m
  [1m[35m (0.9ms)[0m  [1m[34mSELECT "schema_migrations"."version" FROM "schema_migrations" ORDER BY "schema_migrations"."version" ASC[0m
Migrating to CreateReviews (20210224231232)
  [1m[36mTRANSACTION (0.2ms)[0m  [1m[35mBEGIN[0m
  [1m[35m (64.9ms)[0m  [1m[35mCREATE TABLE "reviews" ("id" bigserial primary key, "title" character varying, "content" character varying, "author" character varying, "created_at" timestamp(6) NOT NULL, "updated_at" timestamp(6) NOT NULL)[0m
  [1m[36mActiveRecord::SchemaMigration Create (3.7ms)[0m  [1m[32mINSERT INTO "schema_migrations" ("version") VALUES ($1) RETURNING "version"[0m  [["version", "20210224231232"]]
  [1m[36mTRANSACTION (2.2ms)[0m  [1m[35mCOMMIT[0m
  [1m[36mActiveRecord::InternalMetadata Load (0.9ms)[0m  [1m[34mSELECT "ar_internal_metadata".* FROM "ar_internal_metadata" WHERE "ar_internal_metadata"."key" = $1 LIMIT $2[0m  [["key", "environment"], ["LIMIT", 1]]
  [1m[35m (0.4ms)[0m  [1m[34mSELECT pg_advisory_unlock(2521839031379147655)[0m
  [1m[35m (0.9ms)[0m  [1m[34mSELECT "schema_migrations"."version" FROM "schema_migrations" ORDER BY "schema_migrations"."version" ASC[0m
Started GET "/products" for ::1 at 2021-02-24 15:17:08 -0800
  [1m[35m (1.1ms)[0m  [1m[34mSELECT "schema_migrations"."version" FROM "schema_migrations" ORDER BY "schema_migrations"."version" ASC[0m
Processing by ProductsController#index as HTML
  [1m[36mProduct Load (1.0ms)[0m  [1m[34mSELECT "products".* FROM "products"[0m
  ↳ app/controllers/products_controller.rb:8:in `index'
Completed 200 OK in 27ms (Views: 9.3ms | ActiveRecord: 6.6ms | Allocations: 8281)


Started GET "/products/1" for ::1 at 2021-02-24 15:17:15 -0800
Processing by ProductsController#show as HTML
  Parameters: {"id"=>"1"}
  [1m[36mProduct Load (0.6ms)[0m  [1m[34mSELECT "products".* FROM "products" WHERE "products"."id" = $1 LIMIT $2[0m  [["id", 1], ["LIMIT", 1]]
  ↳ app/controllers/products_controller.rb:44:in `set_product'
Completed 200 OK in 58ms (Views: 0.5ms | ActiveRecord: 2.1ms | Allocations: 1069)


Started GET "/products" for ::1 at 2021-02-24 15:17:18 -0800
Processing by ProductsController#index as HTML
  [1m[36mProduct Load (7.8ms)[0m  [1m[34mSELECT "products".* FROM "products"[0m
  ↳ app/controllers/products_controller.rb:8:in `index'
Completed 200 OK in 17ms (Views: 8.4ms | ActiveRecord: 7.8ms | Allocations: 1888)


  [1m[36mProduct Load (0.7ms)[0m  [1m[34mSELECT "products".* FROM "products" WHERE "products"."id" = $1 LIMIT $2[0m  [["id", 1], ["LIMIT", 1]]
  [1m[36mProduct Load (1.0ms)[0m  [1m[34mSELECT "products".* FROM "products" WHERE "products"."id" = $1 LIMIT $2[0m  [["id", 1], ["LIMIT", 1]]
  [1m[36mProduct Load (0.9ms)[0m  [1m[34mSELECT "products".* FROM "products" WHERE "products"."id" = $1 LIMIT $2[0m  [["id", 1], ["LIMIT", 1]]
  [1m[36mProduct Load (0.9ms)[0m  [1m[34mSELECT "products".* FROM "products" WHERE "products"."id" = $1 LIMIT $2[0m  [["id", 1], ["LIMIT", 1]]
  [1m[36mProduct Load (0.8ms)[0m  [1m[34mSELECT "products".* FROM "products" WHERE "products"."id" = $1 LIMIT $2[0m  [["id", 1], ["LIMIT", 1]]
  [1m[36mProduct Load (6.0ms)[0m  [1m[34mSELECT "products".* FROM "products" WHERE "products"."id" = $1 LIMIT $2[0m  [["id", 1], ["LIMIT", 1]]
  [1m[36mProduct Load (0.9ms)[0m  [1m[34mSELECT "products".* FROM "products" WHERE "products"."id" = $1 LIMIT $2[0m  [["id", 1], ["LIMIT", 1]]
  [1m[36mProduct Load (1.0ms)[0m  [1m[34mSELECT "products".* FROM "products" WHERE "products"."id" = $1 LIMIT $2[0m  [["id", 1], ["LIMIT", 1]]
  [1m[36mProduct Load (1.0ms)[0m  [1m[34mSELECT "products".* FROM "products" WHERE "products"."id" = $1 LIMIT $2[0m  [["id", 1], ["LIMIT", 1]]
  [1m[35m (0.2ms)[0m  [1m[34mSELECT pg_try_advisory_lock(2521839031379147655)[0m
  [1m[35m (1.6ms)[0m  [1m[34mSELECT "schema_migrations"."version" FROM "schema_migrations" ORDER BY "schema_migrations"."version" ASC[0m
Migrating to AddProductIdToReviews (20210224232453)
  [1m[36mTRANSACTION (0.4ms)[0m  [1m[35mBEGIN[0m
  [1m[35m (52.0ms)[0m  [1m[35mALTER TABLE "reviews" ADD "product_id" integer[0m
  [1m[36mActiveRecord::SchemaMigration Create (1.3ms)[0m  [1m[32mINSERT INTO "schema_migrations" ("version") VALUES ($1) RETURNING "version"[0m  [["version", "20210224232453"]]
  [1m[36mTRANSACTION (2.6ms)[0m  [1m[35mCOMMIT[0m
  [1m[36mActiveRecord::InternalMetadata Load (0.5ms)[0m  [1m[34mSELECT "ar_internal_metadata".* FROM "ar_internal_metadata" WHERE "ar_internal_metadata"."key" = $1 LIMIT $2[0m  [["key", "environment"], ["LIMIT", 1]]
  [1m[35m (0.3ms)[0m  [1m[34mSELECT pg_advisory_unlock(2521839031379147655)[0m
  [1m[35m (1.3ms)[0m  [1m[34mSELECT "schema_migrations"."version" FROM "schema_migrations" ORDER BY "schema_migrations"."version" ASC[0m
  [1m[36mProduct Load (0.5ms)[0m  [1m[34mSELECT "products".* FROM "products" WHERE "products"."id" = $1 LIMIT $2[0m  [["id", 1], ["LIMIT", 1]]
  [1m[36mReview Load (43.8ms)[0m  [1m[34mSELECT "reviews".* FROM "reviews" WHERE "reviews"."product_id" = $1[0m  [["product_id", 1]]
  [1m[36mProduct Load (0.7ms)[0m  [1m[34mSELECT "products".* FROM "products" WHERE "products"."id" = $1 LIMIT $2[0m  [["id", 1], ["LIMIT", 1]]
  [1m[36mTRANSACTION (0.2ms)[0m  [1m[35mBEGIN[0m
  [1m[36mReview Create (47.0ms)[0m  [1m[32mINSERT INTO "reviews" ("title", "content", "author", "created_at", "updated_at", "product_id") VALUES ($1, $2, $3, $4, $5, $6) RETURNING "id"[0m  [["title", "first review"], ["content", "not a bad product"], ["author", "Terminator 2"], ["created_at", "2021-02-25 00:54:11.754348"], ["updated_at", "2021-02-25 00:54:11.754348"], ["product_id", 1]]
  [1m[36mTRANSACTION (3.2ms)[0m  [1m[35mCOMMIT[0m
  [1m[36mProduct Load (0.7ms)[0m  [1m[34mSELECT "products".* FROM "products" WHERE "products"."id" = $1 LIMIT $2[0m  [["id", 1], ["LIMIT", 1]]
  [1m[36mTRANSACTION (0.2ms)[0m  [1m[35mBEGIN[0m
  [1m[36mReview Create (12.8ms)[0m  [1m[32mINSERT INTO "reviews" ("title", "author", "created_at", "updated_at", "product_id") VALUES ($1, $2, $3, $4, $5) RETURNING "id"[0m  [["title", "middling product I'd say"], ["author", "Chingy Right Thurr"], ["created_at", "2021-02-25 00:58:56.245547"], ["updated_at", "2021-02-25 00:58:56.245547"], ["product_id", 1]]
  [1m[36mTRANSACTION (10.0ms)[0m  [1m[35mCOMMIT[0m
  [1m[36mProduct Load (0.7ms)[0m  [1m[34mSELECT "products".* FROM "products" WHERE "products"."id" = $1 LIMIT $2[0m  [["id", 1], ["LIMIT", 1]]
  [1m[36mTRANSACTION (0.2ms)[0m  [1m[35mBEGIN[0m
  [1m[36mReview Create (0.5ms)[0m  [1m[32mINSERT INTO "reviews" ("title", "content", "author", "created_at", "updated_at", "product_id") VALUES ($1, $2, $3, $4, $5, $6) RETURNING "id"[0m  [["title", "first review"], ["content", "not a bad product"], ["author", "Terminator 2"], ["created_at", "2021-02-25 00:59:42.877464"], ["updated_at", "2021-02-25 00:59:42.877464"], ["product_id", 1]]
  [1m[36mTRANSACTION (2.2ms)[0m  [1m[35mCOMMIT[0m
  [1m[36mProduct Load (0.5ms)[0m  [1m[34mSELECT "products".* FROM "products" WHERE "products"."id" = $1 LIMIT $2[0m  [["id", 1], ["LIMIT", 1]]
  [1m[36mReview Load (0.5ms)[0m  [1m[34mSELECT "reviews".* FROM "reviews" WHERE "reviews"."product_id" = $1[0m  [["product_id", 1]]
  [1m[35m (2.9ms)[0m  [1m[35mCREATE DATABASE "products_reviews_app_api_development" ENCODING = 'unicode'[0m
  [1m[35m (0.5ms)[0m  [1m[35mCREATE DATABASE "products_reviews_app_api_test" ENCODING = 'unicode'[0m
Started GET "/products/1/review" for ::1 at 2021-02-24 17:18:22 -0800
  [1m[35m (1.6ms)[0m  [1m[34mSELECT "schema_migrations"."version" FROM "schema_migrations" ORDER BY "schema_migrations"."version" ASC[0m
  
ActionController::RoutingError (No route matches [GET] "/products/1/review"):
  
Started GET "/" for ::1 at 2021-02-24 17:18:57 -0800
  [1m[35m (1.3ms)[0m  [1m[34mSELECT "schema_migrations"."version" FROM "schema_migrations" ORDER BY "schema_migrations"."version" ASC[0m
Processing by Rails::WelcomeController#index as HTML
  Rendering /Library/Ruby/Gems/2.6.0/gems/railties-6.1.3/lib/rails/templates/rails/welcome/index.html.erb
  Rendered /Library/Ruby/Gems/2.6.0/gems/railties-6.1.3/lib/rails/templates/rails/welcome/index.html.erb (Duration: 12.0ms | Allocations: 315)
Completed 200 OK in 47ms (Views: 13.8ms | ActiveRecord: 0.0ms | Allocations: 3041)


Started GET "/products" for ::1 at 2021-02-24 17:19:01 -0800
Processing by ProductsController#index as HTML
  [1m[36mProduct Load (1.0ms)[0m  [1m[34mSELECT "products".* FROM "products"[0m
  ↳ app/controllers/products_controller.rb:8:in `index'
Completed 200 OK in 66ms (Views: 13.9ms | ActiveRecord: 18.7ms | Allocations: 7017)


Started GET "/products/1/reviews" for ::1 at 2021-02-24 17:19:04 -0800
Processing by ReviewsController#index as HTML
  Parameters: {"product_id"=>"1"}
  [1m[36mReview Load (2.1ms)[0m  [1m[34mSELECT "reviews".* FROM "reviews" WHERE "reviews"."product_id" = $1[0m  [["product_id", 1]]
  ↳ app/controllers/reviews_controller.rb:8:in `index'
Completed 200 OK in 188ms (Views: 47.1ms | ActiveRecord: 54.5ms | Allocations: 5819)


Started GET "/products/1/reviews" for ::1 at 2021-02-24 17:26:53 -0800
Processing by ReviewsController#index as */*
  Parameters: {"average_high_f"=>100, "average_low_f"=>0, "product_id"=>"1", "review"=>{}}
  [1m[36mReview Load (0.8ms)[0m  [1m[34mSELECT "reviews".* FROM "reviews" WHERE "reviews"."product_id" = $1[0m  [["product_id", 1]]
  ↳ app/controllers/reviews_controller.rb:8:in `index'
Completed 200 OK in 31ms (Views: 28.7ms | ActiveRecord: 54.3ms | Allocations: 4195)


Started POST "/products/1/reviews" for ::1 at 2021-02-24 17:28:23 -0800
Processing by ReviewsController#create as */*
  Parameters: {"title"=>"Hey! Say! JUMP", "content"=>"Hey Say! BEST", "author"=>"Hey Say! 7", "product_id"=>"1", "review"=>{"title"=>"Hey! Say! JUMP", "content"=>"Hey Say! BEST", "author"=>"Hey Say! 7"}}
  [1m[36mTRANSACTION (0.2ms)[0m  [1m[35mBEGIN[0m
  ↳ app/controllers/reviews_controller.rb:21:in `create'
  [1m[36mProduct Load (1.0ms)[0m  [1m[34mSELECT "products".* FROM "products" WHERE "products"."id" = $1 LIMIT $2[0m  [["id", 1], ["LIMIT", 1]]
  ↳ app/controllers/reviews_controller.rb:21:in `create'
  [1m[36mReview Create (0.7ms)[0m  [1m[32mINSERT INTO "reviews" ("title", "content", "author", "created_at", "updated_at", "product_id") VALUES ($1, $2, $3, $4, $5, $6) RETURNING "id"[0m  [["title", "Hey! Say! JUMP"], ["content", "Hey Say! BEST"], ["author", "Hey Say! 7"], ["created_at", "2021-02-25 01:28:23.696720"], ["updated_at", "2021-02-25 01:28:23.696720"], ["product_id", 1]]
  ↳ app/controllers/reviews_controller.rb:21:in `create'
  [1m[36mTRANSACTION (41.9ms)[0m  [1m[35mCOMMIT[0m
  ↳ app/controllers/reviews_controller.rb:21:in `create'
Completed 201 Created in 107ms (Views: 0.6ms | ActiveRecord: 43.8ms | Allocations: 8855)


Started PUT "/products/1/reviews" for ::1 at 2021-02-24 17:32:26 -0800
  
ActionController::RoutingError (No route matches [PUT] "/products/1/reviews"):
  
Started GET "/products/1/reviews" for ::1 at 2021-02-24 17:32:41 -0800
Processing by ReviewsController#index as */*
  Parameters: {"title"=>"Hey! Say! JUMP", "content"=>"Hey Say! BEST", "author"=>"Hey Say! 7", "product_id"=>"1", "review"=>{"title"=>"Hey! Say! JUMP", "content"=>"Hey Say! BEST", "author"=>"Hey Say! 7"}}
  [1m[36mReview Load (1.3ms)[0m  [1m[34mSELECT "reviews".* FROM "reviews" WHERE "reviews"."product_id" = $1[0m  [["product_id", 1]]
  ↳ app/controllers/reviews_controller.rb:8:in `index'
Completed 200 OK in 14ms (Views: 6.8ms | ActiveRecord: 12.7ms | Allocations: 4219)


Started PUT "/products/4/reviews" for ::1 at 2021-02-24 17:32:56 -0800
  
ActionController::RoutingError (No route matches [PUT] "/products/4/reviews"):
  
Started PUT "/products/4/reviews" for ::1 at 2021-02-24 17:34:28 -0800
  
ActionController::RoutingError (No route matches [PUT] "/products/4/reviews"):
  
Started PUT "/products/1/reviews" for ::1 at 2021-02-24 17:35:21 -0800
  
ActionController::RoutingError (No route matches [PUT] "/products/1/reviews"):
  
Started GET "/products/1/reviews" for ::1 at 2021-02-24 17:37:51 -0800
Processing by ReviewsController#index as */*
  Parameters: {"title"=>"Hey! Say! JUMP", "content"=>"Hey Say! WORST", "author"=>"Hey Say! 7", "product_id"=>"1", "review"=>{"title"=>"Hey! Say! JUMP", "content"=>"Hey Say! WORST", "author"=>"Hey Say! 7"}}
  [1m[36mReview Load (0.4ms)[0m  [1m[34mSELECT "reviews".* FROM "reviews" WHERE "reviews"."product_id" = $1[0m  [["product_id", 1]]
  ↳ app/controllers/reviews_controller.rb:8:in `index'
Completed 200 OK in 14ms (Views: 7.0ms | ActiveRecord: 10.8ms | Allocations: 4258)


Started DELETE "/products/4/reviews" for ::1 at 2021-02-24 17:38:07 -0800
  
ActionController::RoutingError (No route matches [DELETE] "/products/4/reviews"):
  
Started DELETE "/products/1/reviews" for ::1 at 2021-02-24 17:38:24 -0800
  
ActionController::RoutingError (No route matches [DELETE] "/products/1/reviews"):
  
Started GET "/products/1/reviews" for ::1 at 2021-02-24 17:40:03 -0800
  [1m[35m (1.0ms)[0m  [1m[34mSELECT "schema_migrations"."version" FROM "schema_migrations" ORDER BY "schema_migrations"."version" ASC[0m
Processing by ReviewsController#index as HTML
  Parameters: {"product_id"=>"1"}
  [1m[36mReview Load (0.7ms)[0m  [1m[34mSELECT "reviews".* FROM "reviews" WHERE "reviews"."product_id" = $1[0m  [["product_id", 1]]
  ↳ app/controllers/reviews_controller.rb:8:in `index'
Completed 200 OK in 57ms (Views: 13.7ms | ActiveRecord: 7.5ms | Allocations: 8932)


Started PUT "/products/1/reviews" for ::1 at 2021-02-24 17:40:12 -0800
  
ActionController::RoutingError (No route matches [PUT] "/products/1/reviews"):
  
Started GET "/reviews/1" for ::1 at 2021-02-24 17:40:49 -0800
  
ActionController::RoutingError (No route matches [GET] "/reviews/1"):
  
Started GET "/products/1/reviews" for ::1 at 2021-02-24 17:40:53 -0800
Processing by ReviewsController#index as HTML
  Parameters: {"product_id"=>"1"}
  [1m[36mReview Load (0.5ms)[0m  [1m[34mSELECT "reviews".* FROM "reviews" WHERE "reviews"."product_id" = $1[0m  [["product_id", 1]]
  ↳ app/controllers/reviews_controller.rb:8:in `index'
Completed 200 OK in 15ms (Views: 13.3ms | ActiveRecord: 0.5ms | Allocations: 1338)


Started PUT "/products/4/reviews" for ::1 at 2021-02-24 17:41:02 -0800
  
ActionController::RoutingError (No route matches [PUT] "/products/4/reviews"):
  
Started PATCH "/products/4/reviews" for ::1 at 2021-02-24 17:45:59 -0800
  
ActionController::RoutingError (No route matches [PATCH] "/products/4/reviews"):
  
Started PUT "/products/4/reviews" for ::1 at 2021-02-24 17:47:46 -0800
  
ActionController::RoutingError (No route matches [PUT] "/products/4/reviews"):
  
Started PUT "/products/1/reviews" for ::1 at 2021-02-24 17:47:52 -0800
  
ActionController::RoutingError (No route matches [PUT] "/products/1/reviews"):
  
Started GET "/reviews" for ::1 at 2021-02-24 17:51:54 -0800
  
ActionController::RoutingError (No route matches [GET] "/reviews"):
  
Started GET "/products/1/reviews" for ::1 at 2021-02-24 17:51:57 -0800
Processing by ReviewsController#index as HTML
  Parameters: {"product_id"=>"1"}
  [1m[36mReview Load (2.6ms)[0m  [1m[34mSELECT "reviews".* FROM "reviews" WHERE "reviews"."product_id" = $1[0m  [["product_id", 1]]
  ↳ app/controllers/reviews_controller.rb:8:in `index'
Completed 200 OK in 27ms (Views: 8.0ms | ActiveRecord: 11.2ms | Allocations: 5438)


Started PUT "/products/4/reviews" for ::1 at 2021-02-24 17:52:51 -0800
  
ActionController::RoutingError (No route matches [PUT] "/products/4/reviews"):
  
Started GET "/products/2/reviews" for ::1 at 2021-02-24 17:53:10 -0800
Processing by ReviewsController#index as */*
  Parameters: {"title"=>"Hey! Say! JUMP", "content"=>"Hey Say! WORST", "author"=>"Hey Say! 7", "product_id"=>"2", "review"=>{"title"=>"Hey! Say! JUMP", "content"=>"Hey Say! WORST", "author"=>"Hey Say! 7"}}
  [1m[36mReview Load (1.5ms)[0m  [1m[34mSELECT "reviews".* FROM "reviews" WHERE "reviews"."product_id" = $1[0m  [["product_id", 2]]
  ↳ app/controllers/reviews_controller.rb:8:in `index'
Completed 200 OK in 4ms (Views: 2.4ms | ActiveRecord: 1.5ms | Allocations: 668)


Started GET "/products/1/reviews" for ::1 at 2021-02-24 17:53:17 -0800
Processing by ReviewsController#index as */*
  Parameters: {"title"=>"Hey! Say! JUMP", "content"=>"Hey Say! WORST", "author"=>"Hey Say! 7", "product_id"=>"1", "review"=>{"title"=>"Hey! Say! JUMP", "content"=>"Hey Say! WORST", "author"=>"Hey Say! 7"}}
  [1m[36mReview Load (0.3ms)[0m  [1m[34mSELECT "reviews".* FROM "reviews" WHERE "reviews"."product_id" = $1[0m  [["product_id", 1]]
  ↳ app/controllers/reviews_controller.rb:8:in `index'
Completed 200 OK in 39ms (Views: 38.3ms | ActiveRecord: 0.3ms | Allocations: 1143)


Started GET "/reviews/1" for ::1 at 2021-02-24 17:54:06 -0800
  
ActionController::RoutingError (No route matches [GET] "/reviews/1"):
  
Started PUT "/reviews/4" for ::1 at 2021-02-24 17:54:14 -0800
Processing by ReviewsController#update as */*
  Parameters: {"title"=>"Hey! Say! JUMP", "content"=>"Hey Say! WORST", "author"=>"Hey Say! 7", "id"=>"4", "review"=>{"title"=>"Hey! Say! JUMP", "content"=>"Hey Say! WORST", "author"=>"Hey Say! 7"}}
  [1m[36mReview Load (0.4ms)[0m  [1m[34mSELECT "reviews".* FROM "reviews" WHERE "reviews"."id" = $1 LIMIT $2[0m  [["id", 4], ["LIMIT", 1]]
  ↳ app/controllers/reviews_controller.rb:45:in `set_review'
  [1m[36mTRANSACTION (0.4ms)[0m  [1m[35mBEGIN[0m
  ↳ app/controllers/reviews_controller.rb:30:in `update'
  [1m[36mProduct Load (0.7ms)[0m  [1m[34mSELECT "products".* FROM "products" WHERE "products"."id" = $1 LIMIT $2[0m  [["id", 1], ["LIMIT", 1]]
  ↳ app/controllers/reviews_controller.rb:30:in `update'
  [1m[36mReview Update (51.9ms)[0m  [1m[33mUPDATE "reviews" SET "content" = $1, "updated_at" = $2 WHERE "reviews"."id" = $3[0m  [["content", "Hey Say! WORST"], ["updated_at", "2021-02-25 01:54:14.873921"], ["id", 4]]
  ↳ app/controllers/reviews_controller.rb:30:in `update'
  [1m[36mTRANSACTION (3.0ms)[0m  [1m[35mCOMMIT[0m
  ↳ app/controllers/reviews_controller.rb:30:in `update'
Completed 200 OK in 143ms (Views: 0.5ms | ActiveRecord: 63.1ms | Allocations: 10189)


Started DELETE "/reviews/4" for ::1 at 2021-02-24 17:54:21 -0800
Processing by ReviewsController#destroy as */*
  Parameters: {"title"=>"Hey! Say! JUMP", "content"=>"Hey Say! WORST", "author"=>"Hey Say! 7", "id"=>"4", "review"=>{"title"=>"Hey! Say! JUMP", "content"=>"Hey Say! WORST", "author"=>"Hey Say! 7"}}
  [1m[36mReview Load (0.5ms)[0m  [1m[34mSELECT "reviews".* FROM "reviews" WHERE "reviews"."id" = $1 LIMIT $2[0m  [["id", 4], ["LIMIT", 1]]
  ↳ app/controllers/reviews_controller.rb:45:in `set_review'
  [1m[36mTRANSACTION (8.7ms)[0m  [1m[35mBEGIN[0m
  ↳ app/controllers/reviews_controller.rb:39:in `destroy'
  [1m[36mReview Destroy (1.4ms)[0m  [1m[31mDELETE FROM "reviews" WHERE "reviews"."id" = $1[0m  [["id", 4]]
  ↳ app/controllers/reviews_controller.rb:39:in `destroy'
  [1m[36mTRANSACTION (5.5ms)[0m  [1m[35mCOMMIT[0m
  ↳ app/controllers/reviews_controller.rb:39:in `destroy'
Completed 204 No Content in 25ms (ActiveRecord: 16.1ms | Allocations: 1779)


